<?xml version="1.0" encoding="UTF-8"?>
<!-- Generated by org.testng.reporters.JUnitReportReporter -->
<testsuite hostname="sa" failures="0" tests="5" name="playGround.PlayGround" time="52.919" errors="0" timestamp="2021-06-07T18:06:12 IST" skipped="0">
  <testcase classname="playGround.PlayGround" name="VerifyDateandTime" time="6.897"/>
  <system-out/>
  <testcase classname="playGround.PlayGround" name="VerifyDeleteCustomerSubmitButton" time="12.563"/>
  <system-out/>
  <testcase classname="playGround.PlayGround" name="VerifyDeleteCustomerResetButton" time="14.419"/>
  <system-out/>
  <testcase classname="playGround.PlayGround" name="VerifyDownloadButton" time="11.076"/>
  <system-out/>
  <testcase classname="playGround.PlayGround" name="VerifyDragAndDrop" time="7.964"/>
  <system-out/>
</testsuite> <!-- playGround.PlayGround -->
